<?xml version="1.0" encoding="UTF-8"?>
<testsuite xmlns:xsi="http://www.w3.org/2001/XMLSchema-instance" xsi:noNamespaceSchemaLocation="https://maven.apache.org/surefire/maven-surefire-plugin/xsd/surefire-test-report-3.0.xsd" version="3.0" name="TestAdd" time="0.413" tests="19" errors="0" skipped="0" failures="0">
  <properties>
    <property name="sun.desktop" value="windows"/>
    <property name="awt.toolkit" value="sun.awt.windows.WToolkit"/>
    <property name="java.specification.version" value="11"/>
    <property name="sun.cpu.isalist" value="amd64"/>
    <property name="sun.jnu.encoding" value="Cp1252"/>
    <property name="java.class.path" value="C:\Users\Teo\Documents\GitHub\Sem6-SSVV\target\test-classes;C:\Users\Teo\Documents\GitHub\Sem6-SSVV\target\classes;C:\Users\Teo\.m2\repository\org\junit\jupiter\junit-jupiter\5.8.2\junit-jupiter-5.8.2.jar;C:\Users\Teo\.m2\repository\org\junit\jupiter\junit-jupiter-api\5.8.2\junit-jupiter-api-5.8.2.jar;C:\Users\Teo\.m2\repository\org\opentest4j\opentest4j\1.2.0\opentest4j-1.2.0.jar;C:\Users\Teo\.m2\repository\org\junit\platform\junit-platform-commons\1.8.2\junit-platform-commons-1.8.2.jar;C:\Users\Teo\.m2\repository\org\apiguardian\apiguardian-api\1.1.2\apiguardian-api-1.1.2.jar;C:\Users\Teo\.m2\repository\org\junit\jupiter\junit-jupiter-params\5.8.2\junit-jupiter-params-5.8.2.jar;C:\Users\Teo\.m2\repository\org\junit\jupiter\junit-jupiter-engine\5.8.2\junit-jupiter-engine-5.8.2.jar;C:\Users\Teo\.m2\repository\org\junit\platform\junit-platform-engine\1.8.2\junit-platform-engine-1.8.2.jar;"/>
    <property name="java.vm.vendor" value="Amazon.com Inc."/>
    <property name="sun.arch.data.model" value="64"/>
    <property name="user.variant" value=""/>
    <property name="java.vendor.url" value="https://aws.amazon.com/corretto/"/>
    <property name="user.timezone" value="Europe/Athens"/>
    <property name="java.vm.specification.version" value="11"/>
    <property name="os.name" value="Windows 10"/>
    <property name="sun.java.launcher" value="SUN_STANDARD"/>
    <property name="user.country" value="US"/>
    <property name="sun.boot.library.path" value="C:\Users\Teo\.jdks\corretto-11.0.15\bin"/>
    <property name="sun.java.command" value="C:\Users\Teo\AppData\Local\Temp\surefire7354903683111328288\surefirebooter-20230328170118813_3.jar C:\Users\Teo\AppData\Local\Temp\surefire7354903683111328288 2023-03-28T17-01-18_646-jvmRun1 surefire-20230328170118813_1tmp surefire_0-20230328170118813_2tmp"/>
    <property name="jdk.debug" value="release"/>
    <property name="surefire.test.class.path" value="C:\Users\Teo\Documents\GitHub\Sem6-SSVV\target\test-classes;C:\Users\Teo\Documents\GitHub\Sem6-SSVV\target\classes;C:\Users\Teo\.m2\repository\org\junit\jupiter\junit-jupiter\5.8.2\junit-jupiter-5.8.2.jar;C:\Users\Teo\.m2\repository\org\junit\jupiter\junit-jupiter-api\5.8.2\junit-jupiter-api-5.8.2.jar;C:\Users\Teo\.m2\repository\org\opentest4j\opentest4j\1.2.0\opentest4j-1.2.0.jar;C:\Users\Teo\.m2\repository\org\junit\platform\junit-platform-commons\1.8.2\junit-platform-commons-1.8.2.jar;C:\Users\Teo\.m2\repository\org\apiguardian\apiguardian-api\1.1.2\apiguardian-api-1.1.2.jar;C:\Users\Teo\.m2\repository\org\junit\jupiter\junit-jupiter-params\5.8.2\junit-jupiter-params-5.8.2.jar;C:\Users\Teo\.m2\repository\org\junit\jupiter\junit-jupiter-engine\5.8.2\junit-jupiter-engine-5.8.2.jar;C:\Users\Teo\.m2\repository\org\junit\platform\junit-platform-engine\1.8.2\junit-platform-engine-1.8.2.jar;"/>
    <property name="sun.cpu.endian" value="little"/>
    <property name="user.home" value="C:\Users\Teo"/>
    <property name="user.language" value="en"/>
    <property name="java.specification.vendor" value="Oracle Corporation"/>
    <property name="java.version.date" value="2022-04-19"/>
    <property name="java.home" value="C:\Users\Teo\.jdks\corretto-11.0.15"/>
    <property name="file.separator" value="\"/>
    <property name="basedir" value="C:\Users\Teo\Documents\GitHub\Sem6-SSVV"/>
    <property name="java.vm.compressedOopsMode" value="Zero based"/>
    <property name="line.separator" value="&#10;"/>
    <property name="java.specification.name" value="Java Platform API Specification"/>
    <property name="java.vm.specification.vendor" value="Oracle Corporation"/>
    <property name="java.awt.graphicsenv" value="sun.awt.Win32GraphicsEnvironment"/>
    <property name="surefire.real.class.path" value="C:\Users\Teo\AppData\Local\Temp\surefire7354903683111328288\surefirebooter-20230328170118813_3.jar"/>
    <property name="user.script" value=""/>
    <property name="sun.management.compiler" value="HotSpot 64-Bit Tiered Compilers"/>
    <property name="java.runtime.version" value="11.0.15+9-LTS"/>
    <property name="user.name" value="Teo"/>
    <property name="path.separator" value=";"/>
    <property name="os.version" value="10.0"/>
    <property name="java.runtime.name" value="OpenJDK Runtime Environment"/>
    <property name="file.encoding" value="Cp1252"/>
    <property name="java.vm.name" value="OpenJDK 64-Bit Server VM"/>
    <property name="java.vendor.version" value="Corretto-11.0.15.9.1"/>
    <property name="localRepository" value="C:\Users\Teo\.m2\repository"/>
    <property name="java.vendor.url.bug" value="https://github.com/corretto/corretto-11/issues/"/>
    <property name="java.io.tmpdir" value="C:\Users\Teo\AppData\Local\Temp\"/>
    <property name="idea.version" value="2021.2.2"/>
    <property name="java.version" value="11.0.15"/>
    <property name="user.dir" value="C:\Users\Teo\Documents\GitHub\Sem6-SSVV"/>
    <property name="os.arch" value="amd64"/>
    <property name="java.vm.specification.name" value="Java Virtual Machine Specification"/>
    <property name="java.awt.printerjob" value="sun.awt.windows.WPrinterJob"/>
    <property name="sun.os.patch.level" value=""/>
    <property name="java.library.path" value="C:\Users\Teo\.jdks\corretto-11.0.15\bin;C:\WINDOWS\Sun\Java\bin;C:\WINDOWS\system32;C:\WINDOWS;C:\Program Files\NVIDIA GPU Computing Toolkit\CUDA\v11.7\bin;C:\Program Files\NVIDIA GPU Computing Toolkit\CUDA\v11.7\libnvvp;C:\Program Files\Common Files\Oracle\Java\javapath;C:\Program Files (x86)\Common Files\Oracle\Java\javapath;C:\WINDOWS\system32;C:\WINDOWS;C:\WINDOWS\System32\Wbem;C:\WINDOWS\System32\WindowsPowerShell\v1.0\;C:\WINDOWS\System32\OpenSSH\;C:\Program Files\Microsoft SQL Server\130\Tools\Binn\;C:\Program Files\PuTTY\;C:\Program Files\Microsoft SQL Server\Client SDK\ODBC\170\Tools\Binn\;C:\Program Files (x86)\Microsoft SQL Server\150\Tools\Binn\;C:\Program Files\Microsoft SQL Server\150\Tools\Binn\;C:\Program Files\Microsoft SQL Server\150\DTS\Binn\;C:\Program Files (x86)\Microsoft SQL Server\150\DTS\Binn\;C:\Program Files\Azure Data Studio\bin;C:\Program Files\swipl\bin;C:\Program Files\Polyspace\R2020a\runtime\win64;C:\Program Files\Polyspace\R2020a\bin;C:\Program Files\Polyspace\R2020a\polyspace\bin;C:\Program Files\dotnet\;C:\Program Files\nodejs\;C:\Program Files\Git\cmd;C:\Program Files\NVIDIA Corporation\Nsight Compute 2022.2.0\;C:\Program Files (x86)\NVIDIA Corporation\PhysX\Common;C:\Program Files\NVIDIA Corporation\NVIDIA NvDLISR;C:\Flutter\flutter\bin;C:\Program Files\Perforce\;C:\Program Files\Docker\Docker\resources\bin;C:\Program Files\apache-maven-3.9.1\bin;C:\Users\Teo\.cargo\bin;C:\Users\Teo\AppData\Local\Programs\Python\Python39\Scripts\;C:\Users\Teo\AppData\Local\Programs\Python\Python39\;C:\Users\Teo\AppData\Local\Microsoft\WindowsApps;C:\Users\Teo\AppData\Local\GitHubDesktop\bin;C:\Program Files\CodeBlocks\MinGW\bin;C:\Program Files\JetBrains\PyCharm Community Edition 2020.2.3\bin;;C:\Program Files\JetBrains\CLion 2020.3.2\bin;;C:\Qt\5.15.2\mingw81_64\bin;C:\Users\Teo.\cargo\bin;C:\Users\Teo\AppData\Local\Programs\Microsoft VS Code\bin;C:\Program Files\JetBrains\IntelliJ IDEA 2021.2.2\bin;;C:\Program Files\Azure Data Studio\bin;C:\Users\Teo\.dotnet\tools;C:\Users\Teo\AppData\Roaming\npm;C:\Gradle\gradle-7.4.2\bin;C:\Program Files\JetBrains\JetBrains Rider 2022.2.4\bin;;C:\GnuWin32\bin;;."/>
    <property name="java.vm.info" value="mixed mode"/>
    <property name="java.vendor" value="Amazon.com Inc."/>
    <property name="java.vm.version" value="11.0.15+9-LTS"/>
    <property name="sun.io.unicode.encoding" value="UnicodeLittle"/>
    <property name="java.class.version" value="55.0"/>
  </properties>
  <testcase name="TestAddStudentIdNull" classname="TestAdd" time="0.037">
    <system-out><![CDATA[Entitatea nu este valida! 

]]></system-out>
  </testcase>
  <testcase name="TestAddStudentInvalidGroupNumberLower" classname="TestAdd" time="0.002">
    <system-out><![CDATA[Entitatea nu este valida! 

]]></system-out>
  </testcase>
  <testcase name="TestAddAssignmentIdNotUnique" classname="TestAdd" time="0.102"/>
  <testcase name="TestAddStudentIdEmpty" classname="TestAdd" time="0.001">
    <system-out><![CDATA[Entitatea nu este valida! 

]]></system-out>
  </testcase>
  <testcase name="TestAddAssignmentSuccess" classname="TestAdd" time="0.007"/>
  <testcase name="TestAddStudentInvalidGroupNumberHigher" classname="TestAdd" time="0.002">
    <system-out><![CDATA[Entitatea nu este valida! 

]]></system-out>
  </testcase>
  <testcase name="TestAddAssignmentStartlineHigher" classname="TestAdd" time="0.002">
    <system-out><![CDATA[Entitatea nu este valida! 

]]></system-out>
  </testcase>
  <testcase name="TestAddStudentNameNull" classname="TestAdd" time="0.001">
    <system-out><![CDATA[Entitatea nu este valida! 

]]></system-out>
  </testcase>
  <testcase name="TestAddStudentSuccess" classname="TestAdd" time="0.007"/>
  <testcase name="TestAddAssignmentDescriptionNull" classname="TestAdd" time="0.001">
    <system-out><![CDATA[Entitatea nu este valida! 

]]></system-out>
  </testcase>
  <testcase name="TestAddAssignmentStartlineHigherThanDeadline" classname="TestAdd" time="0.001">
    <system-out><![CDATA[Entitatea nu este valida! 

]]></system-out>
  </testcase>
  <testcase name="TestAddAssignmentStartlineLower" classname="TestAdd" time="0.002">
    <system-out><![CDATA[Entitatea nu este valida! 

]]></system-out>
  </testcase>
  <testcase name="TestAddAssignmentIdNull" classname="TestAdd" time="0.001">
    <system-out><![CDATA[Entitatea nu este valida! 

]]></system-out>
  </testcase>
  <testcase name="TestAddStudentNameEmpty" classname="TestAdd" time="0.001">
    <system-out><![CDATA[Entitatea nu este valida! 

]]></system-out>
  </testcase>
  <testcase name="TestAddStudentIdNotUnique" classname="TestAdd" time="0.005"/>
  <testcase name="TestAddAssignmentDescriptionEmpty" classname="TestAdd" time="0.001">
    <system-out><![CDATA[Entitatea nu este valida! 

]]></system-out>
  </testcase>
  <testcase name="TestAddAssignmentDeadlineHigher" classname="TestAdd" time="0.001">
    <system-out><![CDATA[Entitatea nu este valida! 

]]></system-out>
  </testcase>
  <testcase name="TestAddAssignmentIdEmpty" classname="TestAdd" time="0.001">
    <system-out><![CDATA[Entitatea nu este valida! 

]]></system-out>
  </testcase>
  <testcase name="TestAddAssignmentDeadlineLower" classname="TestAdd" time="0.002">
    <system-out><![CDATA[Entitatea nu este valida! 

]]></system-out>
  </testcase>
</testsuite>